20160324-175409: Starting the performance-dashboard application. Ctrl+C to terminate it.
20160324-175409: Found 0 pending tests.
20160324-175421: Starting the performance-dashboard application. Ctrl+C to terminate it.
20160324-175421: Found 0 pending tests.
20160324-180921: Found 0 pending tests.
20160324-182421: Found 0 pending tests.
20160324-183921: Found 0 pending tests.
20160324-185422: Found 0 pending tests.
20160324-185422: Test launched, file created in wpt.org.json/pending/20160324-185422-160324_JW_1462.json
20160324-185422: Test launched, file created in wpt.org.json/pending/20160324-185422-160324_D5_1463.json
20160324-185422: Test launched, file created in wpt.org.json/pending/20160324-185422-160324_VX_1464.json
20160324-185422: Test launched, file created in wpt.org.json/pending/20160324-185422-160324_RS_1465.json
20160324-190921: Found 4 pending tests.
20160324-190923: Successfully gather results from test 160324_JW_1462
20160324-190923: Successfully gather results from test 160324_D5_1463
20160324-190923: Successfully gather results from test 160324_RS_1465
20160324-190934: Successfully gather results from test 160324_VX_1464
20160324-192421: Found 0 pending tests.
20160324-193921: Found 0 pending tests.
20160324-195421: Found 0 pending tests.
20160324-195422: Test launched, file created in wpt.org.json/pending/20160324-195422-160324_ZH_162T.json
20160324-195422: Test launched, file created in wpt.org.json/pending/20160324-195422-160324_G0_162S.json
20160324-195422: Test launched, file created in wpt.org.json/pending/20160324-195422-160324_ZS_162V.json
20160324-195422: Test launched, file created in wpt.org.json/pending/20160324-195422-160324_HX_162W.json
20160324-200921: Found 4 pending tests.
20160324-200923: Successfully gather results from test 160324_ZH_162T
20160324-200923: Successfully gather results from test 160324_ZS_162V
20160324-200923: Successfully gather results from test 160324_HX_162W
20160324-200929: Successfully gather results from test 160324_G0_162S
20160324-202421: Found 0 pending tests.
20160324-203921: Found 0 pending tests.
20160324-205421: Found 0 pending tests.
20160324-205422: Test launched, file created in wpt.org.json/pending/20160324-205422-160324_66_1842.json
20160324-205422: Test launched, file created in wpt.org.json/pending/20160324-205422-160324_2F_1843.json
20160324-205422: Test launched, file created in wpt.org.json/pending/20160324-205422-160324_37_1844.json
20160324-205422: Test launched, file created in wpt.org.json/pending/20160324-205422-160324_QZ_1845.json
20160324-210922: Found 4 pending tests.
20160324-210923: Successfully gather results from test 160324_QZ_1845
20160324-210923: Successfully gather results from test 160324_2F_1843
20160324-210923: Successfully gather results from test 160324_66_1842
20160324-210929: Successfully gather results from test 160324_37_1844
20160324-212422: Found 0 pending tests.
20160324-213922: Found 0 pending tests.
20160324-215422: Found 0 pending tests.
20160324-215422: Test launched, file created in wpt.org.json/pending/20160324-215422-160324_V6_1A64.json
20160324-215422: Test launched, file created in wpt.org.json/pending/20160324-215422-160324_E8_1A65.json
20160324-215422: Test launched, file created in wpt.org.json/pending/20160324-215422-160324_9Y_1A66.json
20160324-215422: Test launched, file created in wpt.org.json/pending/20160324-215422-160324_C6_1A67.json
20160324-220922: Found 4 pending tests.
20160324-220923: Successfully gather results from test 160324_V6_1A64
20160324-220923: Successfully gather results from test 160324_9Y_1A66
20160324-220924: Successfully gather results from test 160324_E8_1A65
20160324-220929: Successfully gather results from test 160324_C6_1A67
20160324-222422: Found 0 pending tests.
20160324-223922: Found 0 pending tests.
20160324-225420: Found 0 pending tests.
20160324-225421: Test launched, file created in wpt.org.json/pending/20160324-225421-160324_T6_1BRV.json
20160324-225421: Test launched, file created in wpt.org.json/pending/20160324-225421-160324_M5_1BRW.json
20160324-225421: Test launched, file created in wpt.org.json/pending/20160324-225421-160324_YK_1BRX.json
20160324-225421: Test launched, file created in wpt.org.json/pending/20160324-225421-160324_FW_1BRY.json
20160324-230920: Found 4 pending tests.
20160324-230922: Successfully gather results from test 160324_T6_1BRV
20160324-230922: Successfully gather results from test 160324_M5_1BRW
20160324-230922: Successfully gather results from test 160324_FW_1BRY
20160324-230928: Successfully gather results from test 160324_YK_1BRX
20160324-232420: Found 0 pending tests.
20160324-233920: Found 0 pending tests.
20160324-235420: Found 0 pending tests.
20160324-235420: Test launched, file created in wpt.org.json/pending/20160324-235420-160324_43_1GJJ.json
20160324-235420: Test launched, file created in wpt.org.json/pending/20160324-235420-160324_6Q_1GJK.json
20160324-235421: Test launched, file created in wpt.org.json/pending/20160324-235421-160324_85_1GJM.json
20160324-235421: Test launched, file created in wpt.org.json/pending/20160324-235421-160324_KR_1GJN.json
20160325-000920: Found 4 pending tests.
20160325-000922: Successfully gather results from test 160324_85_1GJM
20160325-000922: Successfully gather results from test 160324_6Q_1GJK
20160325-000922: Successfully gather results from test 160324_43_1GJJ
20160325-000928: Successfully gather results from test 160324_KR_1GJN
20160325-002420: Found 0 pending tests.
20160325-003920: Found 0 pending tests.
20160325-005420: Found 0 pending tests.
20160325-005420: Test launched, file created in wpt.org.json/pending/20160325-005420-160324_QE_1KQ6.json
20160325-005420: Test launched, file created in wpt.org.json/pending/20160325-005420-160324_6Q_1KQ7.json
20160325-005421: Test launched, file created in wpt.org.json/pending/20160325-005421-160324_9E_1KQ8.json
20160325-005421: Test launched, file created in wpt.org.json/pending/20160325-005421-160324_SM_1KQ9.json
20160325-010920: Found 4 pending tests.
20160325-010921: Successfully gather results from test 160324_6Q_1KQ7
20160325-010922: Successfully gather results from test 160324_QE_1KQ6
20160325-010922: Successfully gather results from test 160324_9E_1KQ8
20160325-010927: Successfully gather results from test 160324_SM_1KQ9
20160325-012420: Found 0 pending tests.
20160325-013920: Found 0 pending tests.
20160325-015420: Found 0 pending tests.
20160325-015420: Test launched, file created in wpt.org.json/pending/20160325-015420-160325_AE_1EV.json
20160325-015420: Test launched, file created in wpt.org.json/pending/20160325-015420-160325_1H_1EW.json
20160325-015420: Test launched, file created in wpt.org.json/pending/20160325-015420-160325_WM_1EX.json
20160325-015420: Test launched, file created in wpt.org.json/pending/20160325-015420-160325_7C_1EY.json
20160325-020920: Found 4 pending tests.
20160325-020921: Successfully gather results from test 160325_1H_1EW
20160325-020922: Successfully gather results from test 160325_AE_1EV
20160325-020922: Successfully gather results from test 160325_7C_1EY
20160325-020928: Successfully gather results from test 160325_WM_1EX
20160325-022420: Found 0 pending tests.
20160325-023920: Found 0 pending tests.
20160325-025420: Found 0 pending tests.
20160325-025420: Test launched, file created in wpt.org.json/pending/20160325-025420-160325_4S_2PX.json
20160325-025420: Test launched, file created in wpt.org.json/pending/20160325-025420-160325_AB_2PY.json
20160325-025420: Test launched, file created in wpt.org.json/pending/20160325-025420-160325_2C_2PZ.json
20160325-025420: Test launched, file created in wpt.org.json/pending/20160325-025420-160325_3Y_2Q0.json
20160325-030920: Found 4 pending tests.
20160325-030921: Successfully gather results from test 160325_2C_2PZ
20160325-030921: Successfully gather results from test 160325_4S_2PX
20160325-030922: Successfully gather results from test 160325_AB_2PY
20160325-030927: Successfully gather results from test 160325_3Y_2Q0
20160325-032420: Found 0 pending tests.
20160325-033920: Found 0 pending tests.
20160325-035420: Found 0 pending tests.
20160325-035420: Test launched, file created in wpt.org.json/pending/20160325-035420-160325_D9_3X7.json
20160325-035420: Test launched, file created in wpt.org.json/pending/20160325-035420-160325_DS_3X6.json
20160325-035420: Test launched, file created in wpt.org.json/pending/20160325-035420-160325_A1_3X8.json
20160325-035420: Test launched, file created in wpt.org.json/pending/20160325-035420-160325_6P_3X9.json
20160325-040920: Found 4 pending tests.
20160325-040921: Successfully gather results from test 160325_D9_3X7
20160325-040921: Successfully gather results from test 160325_DS_3X6
20160325-040922: Successfully gather results from test 160325_A1_3X8
20160325-040927: Successfully gather results from test 160325_6P_3X9
20160325-042420: Found 0 pending tests.
20160325-043920: Found 0 pending tests.
20160325-045420: Found 0 pending tests.
20160325-045420: Test launched, file created in wpt.org.json/pending/20160325-045420-160325_VN_571.json
20160325-045420: Test launched, file created in wpt.org.json/pending/20160325-045420-160325_BQ_572.json
20160325-045420: Test launched, file created in wpt.org.json/pending/20160325-045420-160325_W2_573.json
20160325-045420: Test launched, file created in wpt.org.json/pending/20160325-045420-160325_3E_574.json
20160325-050920: Found 4 pending tests.
20160325-050921: Successfully gather results from test 160325_VN_571
20160325-050921: Successfully gather results from test 160325_W2_573
20160325-050922: Successfully gather results from test 160325_BQ_572
20160325-050926: Successfully gather results from test 160325_3E_574
20160325-052420: Found 0 pending tests.
20160325-053920: Found 0 pending tests.
20160325-055419: Found 0 pending tests.
20160325-055420: Test launched, file created in wpt.org.json/pending/20160325-055420-160325_FR_6B1.json
20160325-055420: Test launched, file created in wpt.org.json/pending/20160325-055420-160325_PR_6B2.json
20160325-055420: Test launched, file created in wpt.org.json/pending/20160325-055420-160325_K5_6B3.json
20160325-055420: Test launched, file created in wpt.org.json/pending/20160325-055420-160325_5J_6B4.json
20160325-060919: Found 4 pending tests.
20160325-060921: Successfully gather results from test 160325_5J_6B4
20160325-060921: Successfully gather results from test 160325_PR_6B2
20160325-060921: Successfully gather results from test 160325_FR_6B1
20160325-060927: Successfully gather results from test 160325_K5_6B3
20160325-062419: Found 0 pending tests.
20160325-063919: Found 0 pending tests.
20160325-065419: Found 0 pending tests.
20160325-065420: Test launched, file created in wpt.org.json/pending/20160325-065420-160325_JE_7WE.json
20160325-065420: Test launched, file created in wpt.org.json/pending/20160325-065420-160325_8E_7WF.json
20160325-065420: Test launched, file created in wpt.org.json/pending/20160325-065420-160325_0K_7WG.json
20160325-065420: Test launched, file created in wpt.org.json/pending/20160325-065420-160325_0X_7WH.json
20160325-070919: Found 4 pending tests.
20160325-070921: Successfully gather results from test 160325_JE_7WE
20160325-070921: Successfully gather results from test 160325_8E_7WF
20160325-070921: Successfully gather results from test 160325_0K_7WG
20160325-070927: Successfully gather results from test 160325_0X_7WH
20160325-072419: Found 0 pending tests.
20160325-073919: Found 0 pending tests.
20160325-075421: Found 0 pending tests.
20160325-075421: Test launched, file created in wpt.org.json/pending/20160325-075421-160325_AS_93P.json
20160325-075421: Test launched, file created in wpt.org.json/pending/20160325-075421-160325_1G_93Q.json
20160325-075421: Test launched, file created in wpt.org.json/pending/20160325-075421-160325_N7_93R.json
20160325-075421: Test launched, file created in wpt.org.json/pending/20160325-075421-160325_X8_93S.json
20160325-080921: Found 4 pending tests.
20160325-080923: Successfully gather results from test 160325_1G_93Q
20160325-080923: Successfully gather results from test 160325_X8_93S
20160325-080923: Successfully gather results from test 160325_AS_93P
20160325-080926: Successfully gather results from test 160325_N7_93R
20160325-082421: Found 0 pending tests.
20160325-083921: Found 0 pending tests.
20160325-085421: Found 0 pending tests.
20160325-085421: Test launched, file created in wpt.org.json/pending/20160325-085421-160325_F1_A8R.json
20160325-085421: Test launched, file created in wpt.org.json/pending/20160325-085421-160325_8M_A8S.json
20160325-085421: Test launched, file created in wpt.org.json/pending/20160325-085421-160325_4H_A8T.json
20160325-085421: Test launched, file created in wpt.org.json/pending/20160325-085421-160325_M3_A8V.json
20160325-090921: Found 4 pending tests.
20160325-090923: Successfully gather results from test 160325_F1_A8R
20160325-090923: Successfully gather results from test 160325_4H_A8T
20160325-090923: Successfully gather results from test 160325_8M_A8S
20160325-090926: Successfully gather results from test 160325_M3_A8V
20160325-092421: Found 0 pending tests.
20160325-093921: Found 0 pending tests.
20160325-095421: Found 0 pending tests.
20160325-095421: Test launched, file created in wpt.org.json/pending/20160325-095421-160325_PC_C1E.json
20160325-095421: Test launched, file created in wpt.org.json/pending/20160325-095421-160325_TD_C1F.json
20160325-095422: Test launched, file created in wpt.org.json/pending/20160325-095422-160325_CS_C1G.json
20160325-095422: Test launched, file created in wpt.org.json/pending/20160325-095422-160325_NM_C1H.json
20160325-100921: Found 4 pending tests.
20160325-100923: Successfully gather results from test 160325_PC_C1E
20160325-100923: Successfully gather results from test 160325_TD_C1F
20160325-100923: Successfully gather results from test 160325_NM_C1H
20160325-100926: Successfully gather results from test 160325_CS_C1G
20160325-102421: Found 0 pending tests.
20160325-103921: Found 0 pending tests.
20160325-105421: Found 0 pending tests.
20160325-105422: Test launched, file created in wpt.org.json/pending/20160325-105422-160325_14_DMF.json
20160325-105422: Test launched, file created in wpt.org.json/pending/20160325-105422-160325_2N_DMG.json
20160325-105422: Test launched, file created in wpt.org.json/pending/20160325-105422-160325_MB_DMH.json
20160325-105422: Test launched, file created in wpt.org.json/pending/20160325-105422-160325_W4_DMJ.json
20160325-110921: Found 4 pending tests.
20160325-110923: Successfully gather results from test 160325_2N_DMG
20160325-110923: Successfully gather results from test 160325_MB_DMH
20160325-110923: Successfully gather results from test 160325_14_DMF
20160325-110929: Successfully gather results from test 160325_W4_DMJ
20160325-112422: Found 0 pending tests.
20160325-113922: Found 0 pending tests.
20160325-115422: Found 0 pending tests.
20160325-115422: Test launched, file created in wpt.org.json/pending/20160325-115422-160325_W5_F3E.json
20160325-115422: Test launched, file created in wpt.org.json/pending/20160325-115422-160325_4F_F3F.json
20160325-115422: Test launched, file created in wpt.org.json/pending/20160325-115422-160325_AQ_F3G.json
20160325-115422: Test launched, file created in wpt.org.json/pending/20160325-115422-160325_F5_F3H.json
20160325-120922: Found 4 pending tests.
20160325-120923: Successfully gather results from test 160325_W5_F3E
20160325-120923: Successfully gather results from test 160325_4F_F3F
20160325-120923: Successfully gather results from test 160325_F5_F3H
20160325-120929: Successfully gather results from test 160325_AQ_F3G
20160325-122422: Found 0 pending tests.
20160325-123922: Found 0 pending tests.
20160325-125422: Found 0 pending tests.
20160325-125422: Test launched, file created in wpt.org.json/pending/20160325-125422-160325_74_GJE.json
20160325-125422: Test launched, file created in wpt.org.json/pending/20160325-125422-160325_5B_GJD.json
20160325-125422: Test launched, file created in wpt.org.json/pending/20160325-125422-160325_HN_GJF.json
20160325-125422: Test launched, file created in wpt.org.json/pending/20160325-125422-160325_MA_GJG.json
20160325-130922: Found 4 pending tests.
20160325-130923: Successfully gather results from test 160325_5B_GJD
20160325-130924: Successfully gather results from test 160325_MA_GJG
20160325-130924: Successfully gather results from test 160325_74_GJE
20160325-130929: Successfully gather results from test 160325_HN_GJF
20160325-132422: Found 0 pending tests.
20160325-133922: Found 0 pending tests.
20160325-135422: Found 0 pending tests.
20160325-135422: Test launched, file created in wpt.org.json/pending/20160325-135422-160325_GP_J9Q.json
20160325-135422: Test launched, file created in wpt.org.json/pending/20160325-135422-160325_8G_J9R.json
20160325-135422: Test launched, file created in wpt.org.json/pending/20160325-135422-160325_Q2_J9S.json
20160325-135423: Test launched, file created in wpt.org.json/pending/20160325-135423-160325_A3_J9T.json
20160325-140922: Found 4 pending tests.
20160325-140924: Successfully gather results from test 160325_8G_J9R
20160325-140924: Successfully gather results from test 160325_Q2_J9S
20160325-140924: Successfully gather results from test 160325_A3_J9T
20160325-140931: Successfully gather results from test 160325_GP_J9Q
20160325-142422: Found 0 pending tests.
20160325-143922: Found 0 pending tests.
20160325-145422: Found 0 pending tests.
20160325-145423: Test launched, file created in wpt.org.json/pending/20160325-145423-160325_3E_M2E.json
20160325-145423: Test launched, file created in wpt.org.json/pending/20160325-145423-160325_GF_M2F.json
20160325-145423: Test launched, file created in wpt.org.json/pending/20160325-145423-160325_JK_M2G.json
20160325-145423: Test launched, file created in wpt.org.json/pending/20160325-145423-160325_B3_M2H.json
20160325-150922: Found 4 pending tests.
20160325-150924: Successfully gather results from test 160325_JK_M2G
20160325-150925: Successfully gather results from test 160325_GF_M2F
20160325-150925: Successfully gather results from test 160325_3E_M2E
20160325-150930: Successfully gather results from test 160325_B3_M2H
20160325-152422: Found 0 pending tests.
20160325-153923: Found 0 pending tests.
20160325-155423: Found 0 pending tests.
20160325-155423: Test launched, file created in wpt.org.json/pending/20160325-155423-160325_RA_NV6.json
20160325-155423: Test launched, file created in wpt.org.json/pending/20160325-155423-160325_ZG_NV9.json
20160325-155423: Test launched, file created in wpt.org.json/pending/20160325-155423-160325_Q5_NV8.json
20160325-155423: Test launched, file created in wpt.org.json/pending/20160325-155423-160325_2Y_NV7.json
20160325-160923: Found 4 pending tests.
20160325-160924: Successfully gather results from test 160325_2Y_NV7
20160325-160924: Successfully gather results from test 160325_RA_NV6
20160325-160924: Successfully gather results from test 160325_Q5_NV8
20160325-160930: Successfully gather results from test 160325_ZG_NV9
20160325-162423: Found 0 pending tests.
20160325-163923: Found 0 pending tests.
20160325-165422: Found 0 pending tests.
20160325-165422: Test launched, file created in wpt.org.json/pending/20160325-165422-160325_EW_QGX.json
20160325-165422: Test launched, file created in wpt.org.json/pending/20160325-165422-160325_42_QGY.json
20160325-165422: Test launched, file created in wpt.org.json/pending/20160325-165422-160325_F1_QGZ.json
20160325-165422: Test launched, file created in wpt.org.json/pending/20160325-165422-160325_12_QH0.json
20160325-170921: Found 4 pending tests.
20160325-170923: Successfully gather results from test 160325_EW_QGX
20160325-170923: Successfully gather results from test 160325_F1_QGZ
20160325-170923: Successfully gather results from test 160325_42_QGY
20160325-170928: Successfully gather results from test 160325_12_QH0
20160325-172421: Found 0 pending tests.
20160325-173921: Found 0 pending tests.
20160325-175421: Found 0 pending tests.
20160325-175421: Test launched, file created in wpt.org.json/pending/20160325-175421-160325_GJ_SEG.json
20160325-175421: Test launched, file created in wpt.org.json/pending/20160325-175421-160325_Q5_SEH.json
20160325-175422: Test launched, file created in wpt.org.json/pending/20160325-175422-160325_1M_SEJ.json
20160325-175422: Test launched, file created in wpt.org.json/pending/20160325-175422-160325_7C_SEK.json
20160325-180921: Found 4 pending tests.
20160325-180923: Successfully gather results from test 160325_GJ_SEG
20160325-180923: Successfully gather results from test 160325_7C_SEK
20160325-180923: Successfully gather results from test 160325_Q5_SEH
20160325-180928: Successfully gather results from test 160325_1M_SEJ
20160325-182421: Found 0 pending tests.
20160325-183921: Found 0 pending tests.
20160325-185421: Found 0 pending tests.
20160325-185421: Test launched, file created in wpt.org.json/pending/20160325-185421-160325_HQ_W37.json
20160325-185421: Test launched, file created in wpt.org.json/pending/20160325-185421-160325_MX_W38.json
20160325-185421: Test launched, file created in wpt.org.json/pending/20160325-185421-160325_C6_W39.json
20160325-185421: Test launched, file created in wpt.org.json/pending/20160325-185421-160325_ZX_W3A.json
20160325-190921: Found 4 pending tests.
20160325-190922: Successfully gather results from test 160325_HQ_W37
20160325-190923: Successfully gather results from test 160325_ZX_W3A
20160325-190923: Successfully gather results from test 160325_MX_W38
20160325-190928: Successfully gather results from test 160325_C6_W39
20160325-192421: Found 0 pending tests.
20160325-193921: Found 0 pending tests.
20160325-195421: Found 0 pending tests.
20160325-195421: Test launched, file created in wpt.org.json/pending/20160325-195421-160325_9J_XSC.json
20160325-195421: Test launched, file created in wpt.org.json/pending/20160325-195421-160325_RF_XSD.json
20160325-195421: Test launched, file created in wpt.org.json/pending/20160325-195421-160325_D3_XSE.json
20160325-195421: Test launched, file created in wpt.org.json/pending/20160325-195421-160325_0P_XSF.json
20160325-200921: Found 4 pending tests.
20160325-200923: Successfully gather results from test 160325_0P_XSF
20160325-200923: Successfully gather results from test 160325_9J_XSC
20160325-200923: Successfully gather results from test 160325_RF_XSD
20160325-200928: Successfully gather results from test 160325_D3_XSE
20160325-202421: Found 0 pending tests.
20160325-203921: Found 0 pending tests.
20160325-205421: Found 0 pending tests.
20160325-205421: Test launched, file created in wpt.org.json/pending/20160325-205421-160325_DS_Z7B.json
20160325-205421: Test launched, file created in wpt.org.json/pending/20160325-205421-160325_J3_Z7C.json
20160325-205421: Test launched, file created in wpt.org.json/pending/20160325-205421-160325_F7_Z7D.json
20160325-205421: Test launched, file created in wpt.org.json/pending/20160325-205421-160325_TE_Z7E.json
20160325-210921: Found 4 pending tests.
20160325-210922: Successfully gather results from test 160325_J3_Z7C
20160325-210922: Successfully gather results from test 160325_DS_Z7B
20160325-210923: Successfully gather results from test 160325_TE_Z7E
20160325-210929: Successfully gather results from test 160325_F7_Z7D
20160325-212421: Found 0 pending tests.
20160325-213921: Found 0 pending tests.
20160325-215421: Found 0 pending tests.
20160325-215421: Test launched, file created in wpt.org.json/pending/20160325-215421-160325_73_11AA.json
20160325-215421: Test launched, file created in wpt.org.json/pending/20160325-215421-160325_5N_11AB.json
20160325-215421: Test launched, file created in wpt.org.json/pending/20160325-215421-160325_9X_11AC.json
20160325-215421: Test launched, file created in wpt.org.json/pending/20160325-215421-160325_V8_11AD.json
20160325-220921: Found 4 pending tests.
20160325-220923: Successfully gather results from test 160325_73_11AA
20160325-220923: Successfully gather results from test 160325_5N_11AB
20160325-220923: Successfully gather results from test 160325_9X_11AC
20160325-220928: Successfully gather results from test 160325_V8_11AD
20160325-222421: Found 0 pending tests.
20160325-223921: Found 0 pending tests.
20160325-225421: Found 0 pending tests.
20160325-225421: Test launched, file created in wpt.org.json/pending/20160325-225421-160325_YS_12PP.json
20160325-225421: Test launched, file created in wpt.org.json/pending/20160325-225421-160325_VB_12PQ.json
20160325-225421: Test launched, file created in wpt.org.json/pending/20160325-225421-160325_73_12PR.json
20160325-225421: Test launched, file created in wpt.org.json/pending/20160325-225421-160325_9R_12PS.json
20160325-230921: Found 4 pending tests.
20160325-230922: Successfully gather results from test 160325_VB_12PQ
20160325-230922: Successfully gather results from test 160325_73_12PR
20160325-230923: Successfully gather results from test 160325_YS_12PP
20160325-230928: Successfully gather results from test 160325_9R_12PS
20160325-232420: Found 0 pending tests.
20160325-233920: Found 0 pending tests.
20160325-235420: Found 0 pending tests.
20160325-235421: Test launched, file created in wpt.org.json/pending/20160325-235421-160325_MV_13TK.json
20160325-235421: Test launched, file created in wpt.org.json/pending/20160325-235421-160325_PD_13TM.json
20160325-235421: Test launched, file created in wpt.org.json/pending/20160325-235421-160325_AK_13TN.json
20160325-235421: Test launched, file created in wpt.org.json/pending/20160325-235421-160325_GS_13TP.json
20160326-000920: Found 4 pending tests.
20160326-000922: Successfully gather results from test 160325_PD_13TM
20160326-000922: Successfully gather results from test 160325_AK_13TN
20160326-000922: Successfully gather results from test 160325_MV_13TK
20160326-000928: Successfully gather results from test 160325_GS_13TP
20160326-002420: Found 0 pending tests.
20160326-003920: Found 0 pending tests.
20160326-005420: Found 0 pending tests.
20160326-005421: Test launched, file created in wpt.org.json/pending/20160326-005421-160325_Q1_14QW.json
20160326-005421: Test launched, file created in wpt.org.json/pending/20160326-005421-160325_TT_14QX.json
20160326-005421: Test launched, file created in wpt.org.json/pending/20160326-005421-160325_TW_14QY.json
20160326-005421: Test launched, file created in wpt.org.json/pending/20160326-005421-160325_K1_14QZ.json
20160326-010920: Found 4 pending tests.
20160326-010922: Successfully gather results from test 160325_Q1_14QW
20160326-010922: Successfully gather results from test 160325_TT_14QX
20160326-010922: Successfully gather results from test 160325_TW_14QY
20160326-010928: Successfully gather results from test 160325_K1_14QZ
20160326-012420: Found 0 pending tests.
20160326-013920: Found 0 pending tests.
20160326-015420: Found 0 pending tests.
20160326-015420: Test launched, file created in wpt.org.json/pending/20160326-015420-160326_BE_20C.json
20160326-015420: Test launched, file created in wpt.org.json/pending/20160326-015420-160326_FF_20D.json
20160326-015421: Test launched, file created in wpt.org.json/pending/20160326-015421-160326_R2_20E.json
20160326-015421: Test launched, file created in wpt.org.json/pending/20160326-015421-160326_PN_20F.json
20160326-020922: Found 4 pending tests.
20160326-020923: Successfully gather results from test 160326_BE_20C
20160326-020923: Successfully gather results from test 160326_PN_20F
20160326-020924: Successfully gather results from test 160326_FF_20D
20160326-020931: Successfully gather results from test 160326_R2_20E
20160326-022422: Found 0 pending tests.
20160326-023922: Found 0 pending tests.
20160326-025422: Found 0 pending tests.
20160326-025422: Test launched, file created in wpt.org.json/pending/20160326-025422-160326_88_49Z.json
20160326-025422: Test launched, file created in wpt.org.json/pending/20160326-025422-160326_WT_4A0.json
20160326-025422: Test launched, file created in wpt.org.json/pending/20160326-025422-160326_RK_4A1.json
20160326-025422: Test launched, file created in wpt.org.json/pending/20160326-025422-160326_BZ_4A2.json
20160326-030922: Found 4 pending tests.
20160326-030924: Successfully gather results from test 160326_88_49Z
20160326-030924: Successfully gather results from test 160326_WT_4A0
20160326-030924: Successfully gather results from test 160326_BZ_4A2
20160326-030929: Successfully gather results from test 160326_RK_4A1
20160326-032422: Found 0 pending tests.
20160326-033922: Found 0 pending tests.
20160326-035422: Found 0 pending tests.
20160326-035422: Test launched, file created in wpt.org.json/pending/20160326-035422-160326_H3_5B0.json
20160326-035422: Test launched, file created in wpt.org.json/pending/20160326-035422-160326_1T_5B1.json
20160326-035422: Test launched, file created in wpt.org.json/pending/20160326-035422-160326_KS_5B2.json
20160326-035422: Test launched, file created in wpt.org.json/pending/20160326-035422-160326_PS_5B3.json
20160326-040922: Found 4 pending tests.
20160326-040924: Successfully gather results from test 160326_H3_5B0
20160326-040924: Successfully gather results from test 160326_PS_5B3
20160326-040924: Successfully gather results from test 160326_1T_5B1
20160326-040930: Successfully gather results from test 160326_KS_5B2
20160326-042422: Found 0 pending tests.
20160326-043922: Found 0 pending tests.
20160326-045422: Found 0 pending tests.
20160326-045422: Test launched, file created in wpt.org.json/pending/20160326-045422-160326_7B_6H6.json
20160326-045422: Test launched, file created in wpt.org.json/pending/20160326-045422-160326_WV_6H7.json
20160326-045423: Test launched, file created in wpt.org.json/pending/20160326-045423-160326_JP_6H8.json
20160326-045423: Test launched, file created in wpt.org.json/pending/20160326-045423-160326_GH_6H9.json
20160326-050922: Found 4 pending tests.
20160326-050924: Successfully gather results from test 160326_WV_6H7
20160326-050924: Successfully gather results from test 160326_JP_6H8
20160326-050924: Successfully gather results from test 160326_7B_6H6
20160326-050930: Successfully gather results from test 160326_GH_6H9
20160326-052422: Found 0 pending tests.
20160326-053922: Found 0 pending tests.
20160326-055423: Found 0 pending tests.
20160326-055423: Test launched, file created in wpt.org.json/pending/20160326-055423-160326_FW_7GV.json
20160326-055423: Test launched, file created in wpt.org.json/pending/20160326-055423-160326_T9_7GW.json
20160326-055423: Test launched, file created in wpt.org.json/pending/20160326-055423-160326_02_7GX.json
20160326-055423: Test launched, file created in wpt.org.json/pending/20160326-055423-160326_80_7GY.json
20160326-060923: Found 4 pending tests.
20160326-060924: Successfully gather results from test 160326_02_7GX
20160326-060924: Successfully gather results from test 160326_FW_7GV
20160326-060924: Successfully gather results from test 160326_T9_7GW
20160326-060930: Successfully gather results from test 160326_80_7GY
20160326-062423: Found 0 pending tests.
20160326-063923: Found 0 pending tests.
20160326-065423: Found 0 pending tests.
20160326-065423: Test launched, file created in wpt.org.json/pending/20160326-065423-160326_NH_8WC.json
20160326-065423: Test launched, file created in wpt.org.json/pending/20160326-065423-160326_50_8WD.json
20160326-065423: Test launched, file created in wpt.org.json/pending/20160326-065423-160326_KD_8WE.json
20160326-065423: Test launched, file created in wpt.org.json/pending/20160326-065423-160326_50_8WF.json
20160326-070923: Found 4 pending tests.
20160326-070924: Successfully gather results from test 160326_KD_8WE
20160326-070925: Successfully gather results from test 160326_50_8WF
20160326-070925: Successfully gather results from test 160326_NH_8WC
20160326-070931: Successfully gather results from test 160326_50_8WD
20160326-072423: Found 0 pending tests.
20160326-073923: Found 0 pending tests.
20160326-075423: Found 0 pending tests.
20160326-075423: Test launched, file created in wpt.org.json/pending/20160326-075423-160326_PA_9ZY.json
20160326-075423: Test launched, file created in wpt.org.json/pending/20160326-075423-160326_49_9ZZ.json
20160326-075423: Test launched, file created in wpt.org.json/pending/20160326-075423-160326_JT_A00.json
20160326-075423: Test launched, file created in wpt.org.json/pending/20160326-075423-160326_QV_A01.json
20160326-080923: Found 4 pending tests.
20160326-080925: Successfully gather results from test 160326_PA_9ZY
20160326-080925: Successfully gather results from test 160326_49_9ZZ
20160326-080925: Successfully gather results from test 160326_QV_A01
20160326-080928: Successfully gather results from test 160326_JT_A00
20160326-082423: Found 0 pending tests.
20160326-083923: Found 0 pending tests.
20160326-085423: Found 0 pending tests.
20160326-085423: Test launched, file created in wpt.org.json/pending/20160326-085423-160326_29_BHP.json
20160326-085423: Test launched, file created in wpt.org.json/pending/20160326-085423-160326_AX_BHQ.json
20160326-085424: Test launched, file created in wpt.org.json/pending/20160326-085424-160326_W9_BHR.json
20160326-085424: Test launched, file created in wpt.org.json/pending/20160326-085424-160326_NJ_BHS.json
20160326-090923: Found 4 pending tests.
20160326-090925: Successfully gather results from test 160326_AX_BHQ
20160326-090925: Successfully gather results from test 160326_W9_BHR
20160326-090925: Successfully gather results from test 160326_29_BHP
20160326-090928: Successfully gather results from test 160326_NJ_BHS
20160326-092423: Found 0 pending tests.
20160326-093923: Found 0 pending tests.
20160326-095424: Found 0 pending tests.
20160326-095424: Test launched, file created in wpt.org.json/pending/20160326-095424-160326_YE_CXT.json
20160326-095424: Test launched, file created in wpt.org.json/pending/20160326-095424-160326_GE_CXV.json
20160326-095424: Test launched, file created in wpt.org.json/pending/20160326-095424-160326_57_CXW.json
20160326-095424: Test launched, file created in wpt.org.json/pending/20160326-095424-160326_9J_CXX.json
20160326-100924: Found 4 pending tests.
20160326-100924: Test 160326_YE_CXT still running (Waiting behind 54 other tests...)
20160326-100924: Test 160326_9J_CXX still running (Waiting behind 10 other tests...)
20160326-100924: Test 160326_GE_CXV still running (Waiting behind 32 other tests...)
20160326-100924: Test 160326_57_CXW still running (Waiting behind 9 other tests...)
20160326-102424: Found 4 pending tests.
20160326-102424: Test 160326_9J_CXX still running (Waiting behind 4 other tests...)
20160326-102424: Test 160326_GE_CXV still running (Waiting behind 26 other tests...)
20160326-102424: Test 160326_YE_CXT still running (Waiting behind 48 other tests...)
20160326-102424: Test 160326_57_CXW still running (Waiting behind 3 other tests...)
20160326-103924: Found 4 pending tests.
20160326-103924: Test 160326_YE_CXT still running (Waiting behind 27 other tests...)
20160326-103924: Test 160326_GE_CXV still running (Waiting behind 5 other tests...)
20160326-103927: Successfully gather results from test 160326_9J_CXX
20160326-103928: Successfully gather results from test 160326_57_CXW
20160326-105424: Found 2 pending tests.
20160326-105424: Test launched, file created in wpt.org.json/pending/20160326-105424-160326_XC_E42.json
20160326-105424: Test launched, file created in wpt.org.json/pending/20160326-105424-160326_EN_E43.json
20160326-105424: Test launched, file created in wpt.org.json/pending/20160326-105424-160326_TC_E45.json
20160326-105424: Test launched, file created in wpt.org.json/pending/20160326-105424-160326_7F_E44.json
20160326-105424: Test 160326_YE_CXT still running (Waiting at the front of the queue...)
20160326-105425: Successfully gather results from test 160326_GE_CXV
20160326-110923: Found 5 pending tests.
20160326-110923: Test 160326_XC_E42 still running (Waiting behind 6 other tests...)
20160326-110923: Test 160326_TC_E45 still running (Waiting behind 5 other tests...)
20160326-110924: Successfully gather results from test 160326_YE_CXT
20160326-110924: Successfully gather results from test 160326_7F_E44
20160326-110924: Successfully gather results from test 160326_EN_E43
20160326-112422: Found 2 pending tests.
20160326-112424: Successfully gather results from test 160326_XC_E42
20160326-112430: Successfully gather results from test 160326_TC_E45
20160326-113922: Found 0 pending tests.
20160326-115422: Found 0 pending tests.
20160326-115422: Test launched, file created in wpt.org.json/pending/20160326-115422-160326_5W_FZ1.json
20160326-115422: Test launched, file created in wpt.org.json/pending/20160326-115422-160326_MG_FZ2.json
20160326-115422: Test launched, file created in wpt.org.json/pending/20160326-115422-160326_SF_FZ3.json
20160326-115423: Test launched, file created in wpt.org.json/pending/20160326-115423-160326_XS_FZ4.json
20160326-120922: Found 4 pending tests.
20160326-120923: Successfully gather results from test 160326_SF_FZ3
20160326-120924: Successfully gather results from test 160326_XS_FZ4
20160326-120924: Successfully gather results from test 160326_MG_FZ2
20160326-120929: Successfully gather results from test 160326_5W_FZ1
20160326-122422: Found 0 pending tests.
20160326-123922: Found 0 pending tests.
20160326-125422: Found 0 pending tests.
20160326-125422: Test launched, file created in wpt.org.json/pending/20160326-125422-160326_Y9_H3N.json
20160326-125422: Test launched, file created in wpt.org.json/pending/20160326-125422-160326_S2_H3P.json
20160326-125422: Test launched, file created in wpt.org.json/pending/20160326-125422-160326_M5_H3Q.json
20160326-125422: Test launched, file created in wpt.org.json/pending/20160326-125422-160326_80_H3R.json
20160326-130922: Found 4 pending tests.
20160326-130924: Successfully gather results from test 160326_S2_H3P
20160326-130924: Successfully gather results from test 160326_Y9_H3N
20160326-130924: Successfully gather results from test 160326_M5_H3Q
20160326-130930: Successfully gather results from test 160326_80_H3R
20160326-132422: Found 0 pending tests.
20160326-133922: Found 0 pending tests.
20160326-135422: Found 0 pending tests.
20160326-135422: Test launched, file created in wpt.org.json/pending/20160326-135422-160326_5S_K01.json
20160326-135422: Test launched, file created in wpt.org.json/pending/20160326-135422-160326_J2_K02.json
20160326-135422: Test launched, file created in wpt.org.json/pending/20160326-135422-160326_T3_K03.json
20160326-135422: Test launched, file created in wpt.org.json/pending/20160326-135422-160326_PH_K04.json
20160326-140922: Found 4 pending tests.
20160326-140923: Successfully gather results from test 160326_5S_K01
20160326-140924: Successfully gather results from test 160326_PH_K04
20160326-140924: Successfully gather results from test 160326_J2_K02
20160326-140930: Successfully gather results from test 160326_T3_K03
20160326-142422: Found 0 pending tests.
20160326-143922: Found 0 pending tests.
20160326-145422: Found 0 pending tests.
20160326-145422: Test launched, file created in wpt.org.json/pending/20160326-145422-160326_7G_MD6.json
20160326-145422: Test launched, file created in wpt.org.json/pending/20160326-145422-160326_YM_MD7.json
20160326-145422: Test launched, file created in wpt.org.json/pending/20160326-145422-160326_NA_MD8.json
20160326-145422: Test launched, file created in wpt.org.json/pending/20160326-145422-160326_7D_MD9.json
20160326-150922: Found 4 pending tests.
20160326-150923: Successfully gather results from test 160326_7G_MD6
20160326-150923: Successfully gather results from test 160326_YM_MD7
20160326-150923: Successfully gather results from test 160326_7D_MD9
20160326-150929: Successfully gather results from test 160326_NA_MD8
20160326-152422: Found 0 pending tests.
20160326-153922: Found 0 pending tests.
20160326-155422: Found 0 pending tests.
20160326-155422: Test launched, file created in wpt.org.json/pending/20160326-155422-160326_HR_NK2.json
20160326-155422: Test launched, file created in wpt.org.json/pending/20160326-155422-160326_VE_NK3.json
20160326-155422: Test launched, file created in wpt.org.json/pending/20160326-155422-160326_WC_NK4.json
20160326-155422: Test launched, file created in wpt.org.json/pending/20160326-155422-160326_KZ_NK5.json
20160326-160922: Found 4 pending tests.
20160326-160923: Successfully gather results from test 160326_HR_NK2
20160326-160923: Successfully gather results from test 160326_VE_NK3
20160326-160923: Successfully gather results from test 160326_KZ_NK5
20160326-160929: Successfully gather results from test 160326_WC_NK4
20160326-162422: Found 0 pending tests.
20160326-163922: Found 0 pending tests.
20160326-165421: Found 0 pending tests.
20160326-165422: Test launched, file created in wpt.org.json/pending/20160326-165422-160326_FE_PR9.json
20160326-165422: Test launched, file created in wpt.org.json/pending/20160326-165422-160326_QC_PRA.json
20160326-165422: Test launched, file created in wpt.org.json/pending/20160326-165422-160326_GK_PRB.json
20160326-165422: Test launched, file created in wpt.org.json/pending/20160326-165422-160326_9R_PRC.json
20160326-170921: Found 4 pending tests.
20160326-170923: Successfully gather results from test 160326_GK_PRB
20160326-170923: Successfully gather results from test 160326_9R_PRC
20160326-170923: Successfully gather results from test 160326_FE_PR9
20160326-170929: Successfully gather results from test 160326_QC_PRA
20160326-172421: Found 0 pending tests.
20160326-173921: Found 0 pending tests.
20160326-175421: Found 0 pending tests.
20160326-175422: Test launched, file created in wpt.org.json/pending/20160326-175422-160326_ZF_RFB.json
20160326-175422: Test launched, file created in wpt.org.json/pending/20160326-175422-160326_RR_RFC.json
20160326-175422: Test launched, file created in wpt.org.json/pending/20160326-175422-160326_R7_RFE.json
20160326-175422: Test launched, file created in wpt.org.json/pending/20160326-175422-160326_K9_RFF.json
20160326-180921: Found 4 pending tests.
20160326-180923: Successfully gather results from test 160326_ZF_RFB
20160326-180923: Successfully gather results from test 160326_RR_RFC
20160326-180923: Successfully gather results from test 160326_K9_RFF
20160326-180930: Successfully gather results from test 160326_R7_RFE
20160326-182421: Found 0 pending tests.
20160326-183921: Found 0 pending tests.
20160326-185421: Found 0 pending tests.
20160326-185421: Test launched, file created in wpt.org.json/pending/20160326-185421-160326_E7_T0S.json
20160326-185421: Test launched, file created in wpt.org.json/pending/20160326-185421-160326_D3_T0T.json
20160326-185422: Test launched, file created in wpt.org.json/pending/20160326-185422-160326_K4_T0V.json
20160326-185422: Test launched, file created in wpt.org.json/pending/20160326-185422-160326_5G_T0W.json
20160326-190921: Found 4 pending tests.
20160326-190923: Successfully gather results from test 160326_D3_T0T
20160326-190923: Successfully gather results from test 160326_E7_T0S
20160326-190923: Successfully gather results from test 160326_5G_T0W
20160326-190928: Successfully gather results from test 160326_K4_T0V
20160326-192421: Found 0 pending tests.
20160326-193921: Found 0 pending tests.
20160326-195421: Found 0 pending tests.
20160326-195421: Test launched, file created in wpt.org.json/pending/20160326-195421-160326_2Q_V36.json
20160326-195421: Test launched, file created in wpt.org.json/pending/20160326-195421-160326_YV_V37.json
20160326-195422: Test launched, file created in wpt.org.json/pending/20160326-195422-160326_PS_V38.json
20160326-195422: Test launched, file created in wpt.org.json/pending/20160326-195422-160326_VA_V39.json
20160326-200921: Found 4 pending tests.
20160326-200923: Successfully gather results from test 160326_YV_V37
20160326-200923: Successfully gather results from test 160326_PS_V38
20160326-200923: Successfully gather results from test 160326_2Q_V36
20160326-200928: Successfully gather results from test 160326_VA_V39
20160326-202423: Found 0 pending tests.
20160326-203923: Found 0 pending tests.
20160326-205423: Found 0 pending tests.
20160326-205423: Test launched, file created in wpt.org.json/pending/20160326-205423-160326_TB_W7A.json
20160326-205423: Test launched, file created in wpt.org.json/pending/20160326-205423-160326_Z8_W7B.json
20160326-205423: Test launched, file created in wpt.org.json/pending/20160326-205423-160326_4R_W7C.json
20160326-205423: Test launched, file created in wpt.org.json/pending/20160326-205423-160326_FM_W7D.json
20160326-210923: Found 4 pending tests.
20160326-210923: Test 160326_FM_W7D still running (Waiting behind 2 other tests...)
20160326-210923: Test 160326_TB_W7A still running (Waiting behind 5 other tests...)
20160326-210923: Test 160326_Z8_W7B still running (Waiting behind 7 other tests...)
20160326-210924: Successfully gather results from test 160326_4R_W7C
20160326-212423: Found 3 pending tests.
20160326-212424: Successfully gather results from test 160326_TB_W7A
20160326-212424: Successfully gather results from test 160326_Z8_W7B
20160326-212430: Successfully gather results from test 160326_FM_W7D
20160326-213923: Found 0 pending tests.
20160326-215423: Found 0 pending tests.
20160326-215423: Test launched, file created in wpt.org.json/pending/20160326-215423-160326_3F_XES.json
20160326-215423: Test launched, file created in wpt.org.json/pending/20160326-215423-160326_53_XET.json
20160326-215423: Test launched, file created in wpt.org.json/pending/20160326-215423-160326_ZC_XEV.json
20160326-215423: Test launched, file created in wpt.org.json/pending/20160326-215423-160326_N5_XEW.json
20160326-220923: Found 4 pending tests.
20160326-220925: Successfully gather results from test 160326_53_XET
20160326-220925: Successfully gather results from test 160326_3F_XES
20160326-220925: Successfully gather results from test 160326_ZC_XEV
20160326-220932: Successfully gather results from test 160326_N5_XEW
20160326-222423: Found 0 pending tests.
20160326-223923: Found 0 pending tests.
20160326-225423: Found 0 pending tests.
20160326-225423: Test launched, file created in wpt.org.json/pending/20160326-225423-160326_XD_YK3.json
20160326-225423: Test launched, file created in wpt.org.json/pending/20160326-225423-160326_2B_YK4.json
20160326-225423: Test launched, file created in wpt.org.json/pending/20160326-225423-160326_S0_YK5.json
20160326-225424: Test launched, file created in wpt.org.json/pending/20160326-225424-160326_2W_YK6.json
20160326-230923: Found 4 pending tests.
20160326-230925: Successfully gather results from test 160326_XD_YK3
20160326-230925: Successfully gather results from test 160326_2B_YK4
20160326-230925: Successfully gather results from test 160326_S0_YK5
20160326-230931: Successfully gather results from test 160326_2W_YK6
20160326-232423: Found 0 pending tests.
20160326-233923: Found 0 pending tests.
20160326-235423: Found 0 pending tests.
20160326-235424: Test launched, file created in wpt.org.json/pending/20160326-235424-160326_V5_ZFG.json
20160326-235424: Test launched, file created in wpt.org.json/pending/20160326-235424-160326_J5_ZFH.json
20160326-235424: Test launched, file created in wpt.org.json/pending/20160326-235424-160326_1N_ZFJ.json
20160326-235424: Test launched, file created in wpt.org.json/pending/20160326-235424-160326_AY_ZFK.json
20160327-000923: Found 4 pending tests.
20160327-000925: Successfully gather results from test 160326_V5_ZFG
20160327-000925: Successfully gather results from test 160326_J5_ZFH
20160327-000925: Successfully gather results from test 160326_1N_ZFJ
20160327-000931: Successfully gather results from test 160326_AY_ZFK
20160327-002424: Found 0 pending tests.
20160327-003924: Found 0 pending tests.
20160327-005424: Found 0 pending tests.
20160327-005424: Test launched, file created in wpt.org.json/pending/20160327-005424-160326_7Q_107S.json
20160327-005424: Test launched, file created in wpt.org.json/pending/20160327-005424-160326_D1_107V.json
20160327-005424: Test launched, file created in wpt.org.json/pending/20160327-005424-160326_1X_107T.json
20160327-005424: Test launched, file created in wpt.org.json/pending/20160327-005424-160326_PW_107W.json
20160327-010924: Found 4 pending tests.
20160327-010925: Successfully gather results from test 160326_1X_107T
20160327-010925: Successfully gather results from test 160326_PW_107W
20160327-010925: Successfully gather results from test 160326_7Q_107S
20160327-010932: Successfully gather results from test 160326_D1_107V
20160327-012424: Found 0 pending tests.
20160327-013924: Found 0 pending tests.
20160327-015424: Found 0 pending tests.
20160327-015424: Test launched, file created in wpt.org.json/pending/20160327-015424-160327_FT_175.json
20160327-015424: Test launched, file created in wpt.org.json/pending/20160327-015424-160327_A3_176.json
20160327-015424: Test launched, file created in wpt.org.json/pending/20160327-015424-160327_VC_177.json
20160327-015424: Test launched, file created in wpt.org.json/pending/20160327-015424-160327_NB_178.json
20160327-030924: Found 4 pending tests.
20160327-030925: Successfully gather results from test 160327_FT_175
20160327-030926: Successfully gather results from test 160327_NB_178
20160327-030926: Successfully gather results from test 160327_A3_176
20160327-030933: Successfully gather results from test 160327_VC_177
20160327-032424: Found 0 pending tests.
20160327-033924: Found 0 pending tests.
20160327-035424: Found 0 pending tests.
20160327-035424: Test launched, file created in wpt.org.json/pending/20160327-035424-160327_JT_2BY.json
20160327-035424: Test launched, file created in wpt.org.json/pending/20160327-035424-160327_VE_2BZ.json
20160327-035425: Test launched, file created in wpt.org.json/pending/20160327-035425-160327_ZD_2C0.json
20160327-035425: Test launched, file created in wpt.org.json/pending/20160327-035425-160327_WK_2C1.json
20160327-040924: Found 4 pending tests.
20160327-040927: Successfully gather results from test 160327_JT_2BY
20160327-040927: Successfully gather results from test 160327_ZD_2C0
20160327-040927: Successfully gather results from test 160327_VE_2BZ
20160327-040937: Successfully gather results from test 160327_WK_2C1
20160327-042424: Found 0 pending tests.
20160327-043924: Found 0 pending tests.
20160327-045424: Found 0 pending tests.
20160327-045425: Test launched, file created in wpt.org.json/pending/20160327-045425-160327_T1_36W.json
20160327-045425: Test launched, file created in wpt.org.json/pending/20160327-045425-160327_B5_36X.json
20160327-045425: Test launched, file created in wpt.org.json/pending/20160327-045425-160327_6F_36Y.json
20160327-045425: Test launched, file created in wpt.org.json/pending/20160327-045425-160327_6K_36Z.json
20160327-050924: Found 4 pending tests.
20160327-050926: Successfully gather results from test 160327_B5_36X
20160327-050926: Successfully gather results from test 160327_6K_36Z
20160327-050926: Successfully gather results from test 160327_6F_36Y
20160327-050932: Successfully gather results from test 160327_T1_36W
20160327-052424: Found 0 pending tests.
20160327-053924: Found 0 pending tests.
20160327-055425: Found 0 pending tests.
20160327-055425: Test launched, file created in wpt.org.json/pending/20160327-055425-160327_9Q_47Y.json
20160327-055425: Test launched, file created in wpt.org.json/pending/20160327-055425-160327_3V_47Z.json
20160327-055425: Test launched, file created in wpt.org.json/pending/20160327-055425-160327_S3_481.json
20160327-055425: Test launched, file created in wpt.org.json/pending/20160327-055425-160327_AB_483.json
20160327-060925: Found 4 pending tests.
20160327-060926: Successfully gather results from test 160327_9Q_47Y
20160327-060926: Successfully gather results from test 160327_S3_481
20160327-060927: Successfully gather results from test 160327_AB_483
20160327-060932: Successfully gather results from test 160327_3V_47Z
20160327-062423: Found 0 pending tests.
20160327-063923: Found 0 pending tests.
20160327-065423: Found 0 pending tests.
20160327-065423: Test launched, file created in wpt.org.json/pending/20160327-065423-160327_N9_567.json
20160327-065423: Test launched, file created in wpt.org.json/pending/20160327-065423-160327_4X_568.json
20160327-065423: Test launched, file created in wpt.org.json/pending/20160327-065423-160327_WY_569.json
20160327-065423: Test launched, file created in wpt.org.json/pending/20160327-065423-160327_4E_56A.json
20160327-070923: Found 4 pending tests.
20160327-070924: Successfully gather results from test 160327_4X_568
20160327-070925: Successfully gather results from test 160327_WY_569
20160327-070925: Successfully gather results from test 160327_N9_567
20160327-070931: Successfully gather results from test 160327_4E_56A
20160327-072423: Found 0 pending tests.
20160327-073923: Found 0 pending tests.
20160327-075423: Found 0 pending tests.
20160327-075423: Test launched, file created in wpt.org.json/pending/20160327-075423-160327_JQ_6KE.json
20160327-075423: Test launched, file created in wpt.org.json/pending/20160327-075423-160327_RE_6KF.json
20160327-075423: Test launched, file created in wpt.org.json/pending/20160327-075423-160327_BD_6KG.json
20160327-075423: Test launched, file created in wpt.org.json/pending/20160327-075423-160327_YC_6KH.json
20160327-080923: Found 4 pending tests.
20160327-080924: Successfully gather results from test 160327_BD_6KG
20160327-080925: Successfully gather results from test 160327_RE_6KF
20160327-080925: Successfully gather results from test 160327_JQ_6KE
20160327-080930: Successfully gather results from test 160327_YC_6KH
20160327-082423: Found 0 pending tests.
20160327-083923: Found 0 pending tests.
20160327-085423: Found 0 pending tests.
20160327-085423: Test launched, file created in wpt.org.json/pending/20160327-085423-160327_09_8D8.json
20160327-085423: Test launched, file created in wpt.org.json/pending/20160327-085423-160327_JE_8D9.json
20160327-085423: Test launched, file created in wpt.org.json/pending/20160327-085423-160327_DF_8DA.json
20160327-085423: Test launched, file created in wpt.org.json/pending/20160327-085423-160327_7P_8DB.json
20160327-090923: Found 4 pending tests.
20160327-090924: Successfully gather results from test 160327_DF_8DA
20160327-090925: Successfully gather results from test 160327_09_8D8
20160327-090925: Successfully gather results from test 160327_JE_8D9
20160327-090928: Successfully gather results from test 160327_7P_8DB
20160327-092423: Found 0 pending tests.
20160327-093923: Found 0 pending tests.
20160327-095423: Found 0 pending tests.
20160327-095423: Test launched, file created in wpt.org.json/pending/20160327-095423-160327_29_9FG.json
20160327-095423: Test launched, file created in wpt.org.json/pending/20160327-095423-160327_6E_9FH.json
20160327-095423: Test launched, file created in wpt.org.json/pending/20160327-095423-160327_WD_9FJ.json
20160327-095423: Test launched, file created in wpt.org.json/pending/20160327-095423-160327_6A_9FK.json
20160327-100923: Found 4 pending tests.
20160327-100924: Successfully gather results from test 160327_29_9FG
20160327-100924: Successfully gather results from test 160327_6E_9FH
20160327-100925: Successfully gather results from test 160327_WD_9FJ
20160327-100928: Successfully gather results from test 160327_6A_9FK
20160327-102423: Found 0 pending tests.
20160327-103923: Found 0 pending tests.
20160327-105422: Found 0 pending tests.
20160327-105423: Test launched, file created in wpt.org.json/pending/20160327-105423-160327_D5_ANC.json
20160327-105423: Test launched, file created in wpt.org.json/pending/20160327-105423-160327_VQ_AND.json
20160327-105423: Test launched, file created in wpt.org.json/pending/20160327-105423-160327_T2_ANE.json
20160327-105423: Test launched, file created in wpt.org.json/pending/20160327-105423-160327_VW_ANF.json
20160327-110923: Found 4 pending tests.
20160327-110923: Test 160327_VQ_AND still running (Test Started 10 seconds ago)
20160327-110923: Test 160327_VW_ANF still running (Waiting at the front of the queue...)
20160327-110924: Successfully gather results from test 160327_D5_ANC
20160327-110924: Successfully gather results from test 160327_T2_ANE
20160327-112422: Found 2 pending tests.
20160327-112424: Successfully gather results from test 160327_VQ_AND
20160327-112427: Successfully gather results from test 160327_VW_ANF
20160327-113922: Found 0 pending tests.
20160327-115422: Found 0 pending tests.
20160327-115423: Test launched, file created in wpt.org.json/pending/20160327-115423-160327_YA_BSV.json
20160327-115423: Test launched, file created in wpt.org.json/pending/20160327-115423-160327_KF_BSW.json
20160327-115423: Test launched, file created in wpt.org.json/pending/20160327-115423-160327_K5_BSX.json
20160327-115423: Test launched, file created in wpt.org.json/pending/20160327-115423-160327_FN_BSY.json
20160327-120922: Found 4 pending tests.
20160327-120924: Successfully gather results from test 160327_K5_BSX
20160327-120924: Successfully gather results from test 160327_FN_BSY
20160327-120924: Successfully gather results from test 160327_YA_BSV
20160327-120929: Successfully gather results from test 160327_KF_BSW
20160327-122422: Found 0 pending tests.
20160327-123922: Found 0 pending tests.
20160327-125422: Found 0 pending tests.
20160327-125423: Test launched, file created in wpt.org.json/pending/20160327-125423-160327_C8_CYS.json
20160327-125423: Test launched, file created in wpt.org.json/pending/20160327-125423-160327_0X_CYT.json
20160327-125423: Test launched, file created in wpt.org.json/pending/20160327-125423-160327_6R_CYV.json
20160327-125423: Test launched, file created in wpt.org.json/pending/20160327-125423-160327_5W_CYW.json
20160327-130922: Found 4 pending tests.
20160327-130924: Successfully gather results from test 160327_C8_CYS
20160327-130924: Successfully gather results from test 160327_5W_CYW
20160327-130924: Successfully gather results from test 160327_0X_CYT
20160327-130930: Successfully gather results from test 160327_6R_CYV
20160327-132422: Found 0 pending tests.
20160327-133922: Found 0 pending tests.
20160327-135422: Found 0 pending tests.
20160327-135422: Test launched, file created in wpt.org.json/pending/20160327-135422-160327_NN_E12.json
20160327-135422: Test launched, file created in wpt.org.json/pending/20160327-135422-160327_W0_E13.json
20160327-135422: Test launched, file created in wpt.org.json/pending/20160327-135422-160327_WY_E14.json
20160327-135422: Test launched, file created in wpt.org.json/pending/20160327-135422-160327_HH_E15.json
20160327-140922: Found 4 pending tests.
20160327-140924: Successfully gather results from test 160327_NN_E12
20160327-140924: Successfully gather results from test 160327_HH_E15
20160327-140924: Successfully gather results from test 160327_W0_E13
20160327-140929: Successfully gather results from test 160327_WY_E14
20160327-142422: Found 0 pending tests.
20160327-143922: Found 0 pending tests.
20160327-145422: Found 0 pending tests.
20160327-145422: Test launched, file created in wpt.org.json/pending/20160327-145422-160327_9T_FB5.json
20160327-145422: Test launched, file created in wpt.org.json/pending/20160327-145422-160327_QK_FB6.json
20160327-145422: Test launched, file created in wpt.org.json/pending/20160327-145422-160327_T9_FB7.json
20160327-145422: Test launched, file created in wpt.org.json/pending/20160327-145422-160327_2E_FB8.json
20160327-150922: Found 4 pending tests.
20160327-150924: Successfully gather results from test 160327_QK_FB6
20160327-150924: Successfully gather results from test 160327_9T_FB5
20160327-150924: Successfully gather results from test 160327_2E_FB8
20160327-150931: Successfully gather results from test 160327_T9_FB7
20160327-152423: Found 0 pending tests.
20160327-153923: Found 0 pending tests.
20160327-155423: Found 0 pending tests.
20160327-155424: Test launched, file created in wpt.org.json/pending/20160327-155424-160327_99_GHF.json
20160327-155424: Test launched, file created in wpt.org.json/pending/20160327-155424-160327_6A_GHG.json
20160327-155424: Test launched, file created in wpt.org.json/pending/20160327-155424-160327_5F_GHH.json
20160327-155424: Test launched, file created in wpt.org.json/pending/20160327-155424-160327_2Q_GHJ.json
20160327-160924: Found 4 pending tests.
20160327-160925: Successfully gather results from test 160327_6A_GHG
20160327-160925: Successfully gather results from test 160327_5F_GHH
20160327-160926: Successfully gather results from test 160327_2Q_GHJ
20160327-160932: Successfully gather results from test 160327_99_GHF
20160327-162424: Found 0 pending tests.
20160327-163924: Found 0 pending tests.
20160327-165424: Found 0 pending tests.
20160327-165424: Test launched, file created in wpt.org.json/pending/20160327-165424-160327_KP_HQV.json
20160327-165424: Test launched, file created in wpt.org.json/pending/20160327-165424-160327_J6_HQW.json
20160327-165424: Test launched, file created in wpt.org.json/pending/20160327-165424-160327_AV_HQX.json
20160327-165424: Test launched, file created in wpt.org.json/pending/20160327-165424-160327_R8_HQY.json
20160327-170924: Found 4 pending tests.
20160327-170925: Successfully gather results from test 160327_KP_HQV
20160327-170925: Successfully gather results from test 160327_J6_HQW
20160327-170926: Successfully gather results from test 160327_AV_HQX
20160327-170931: Successfully gather results from test 160327_R8_HQY
20160327-172424: Found 0 pending tests.
20160327-173924: Found 0 pending tests.
20160327-175424: Found 0 pending tests.
20160327-175424: Test launched, file created in wpt.org.json/pending/20160327-175424-160327_SF_K05.json
20160327-175424: Test launched, file created in wpt.org.json/pending/20160327-175424-160327_ZW_K06.json
20160327-175424: Test launched, file created in wpt.org.json/pending/20160327-175424-160327_CA_K08.json
20160327-175424: Test launched, file created in wpt.org.json/pending/20160327-175424-160327_NV_K09.json
20160327-180924: Found 4 pending tests.
20160327-180926: Successfully gather results from test 160327_SF_K05
20160327-180926: Successfully gather results from test 160327_ZW_K06
20160327-180926: Successfully gather results from test 160327_CA_K08
20160327-180932: Successfully gather results from test 160327_NV_K09
20160327-182424: Found 0 pending tests.
20160327-183924: Found 0 pending tests.
20160327-185424: Found 0 pending tests.
20160327-185424: Test launched, file created in wpt.org.json/pending/20160327-185424-160327_HD_MXN.json
20160327-185424: Test launched, file created in wpt.org.json/pending/20160327-185424-160327_1Y_MXP.json
20160327-185425: Test launched, file created in wpt.org.json/pending/20160327-185425-160327_VB_MXQ.json
20160327-185425: Test launched, file created in wpt.org.json/pending/20160327-185425-160327_X0_MXR.json
20160327-190924: Found 4 pending tests.
20160327-190926: Successfully gather results from test 160327_HD_MXN
20160327-190926: Successfully gather results from test 160327_1Y_MXP
20160327-190926: Successfully gather results from test 160327_VB_MXQ
20160327-190933: Successfully gather results from test 160327_X0_MXR
20160327-192424: Found 0 pending tests.
20160327-193924: Found 0 pending tests.
20160327-195424: Found 0 pending tests.
20160327-195425: Test launched, file created in wpt.org.json/pending/20160327-195425-160327_NB_PMF.json
20160327-195425: Test launched, file created in wpt.org.json/pending/20160327-195425-160327_BV_PMG.json
20160327-195425: Test launched, file created in wpt.org.json/pending/20160327-195425-160327_T6_PMH.json
20160327-195425: Test launched, file created in wpt.org.json/pending/20160327-195425-160327_23_PMJ.json
20160327-200925: Found 4 pending tests.
20160327-200926: Successfully gather results from test 160327_BV_PMG
20160327-200926: Successfully gather results from test 160327_23_PMJ
20160327-200926: Successfully gather results from test 160327_NB_PMF
20160327-200932: Successfully gather results from test 160327_T6_PMH
20160327-202425: Found 0 pending tests.
20160327-203925: Found 0 pending tests.
20160327-205425: Found 0 pending tests.
20160327-205425: Test launched, file created in wpt.org.json/pending/20160327-205425-160327_QX_QTX.json
20160327-205425: Test launched, file created in wpt.org.json/pending/20160327-205425-160327_FV_QTY.json
20160327-205425: Test launched, file created in wpt.org.json/pending/20160327-205425-160327_7X_QTZ.json
20160327-205425: Test launched, file created in wpt.org.json/pending/20160327-205425-160327_9Q_QV0.json
20160327-210925: Found 4 pending tests.
20160327-210925: Test 160327_7X_QTZ still running (Waiting at the front of the queue...)
20160327-210925: Test 160327_9Q_QV0 still running (Waiting behind 5 other tests...)
20160327-210925: Test 160327_QX_QTX still running (Waiting behind 10 other tests...)
20160327-210925: Test 160327_FV_QTY still running (Waiting behind 6 other tests...)
20160327-212425: Found 4 pending tests.
20160327-212427: Successfully gather results from test 160327_FV_QTY
20160327-212427: Successfully gather results from test 160327_9Q_QV0
20160327-212427: Successfully gather results from test 160327_QX_QTX
20160327-212432: Successfully gather results from test 160327_7X_QTZ
20160327-213925: Found 0 pending tests.
20160327-215425: Found 0 pending tests.
20160327-215425: Test launched, file created in wpt.org.json/pending/20160327-215425-160327_PK_RWM.json
20160327-215425: Test launched, file created in wpt.org.json/pending/20160327-215425-160327_50_RWN.json
20160327-215425: Test launched, file created in wpt.org.json/pending/20160327-215425-160327_HC_RWP.json
20160327-215425: Test launched, file created in wpt.org.json/pending/20160327-215425-160327_T6_RWQ.json
20160327-220925: Found 4 pending tests.
20160327-220926: Successfully gather results from test 160327_50_RWN
20160327-220927: Successfully gather results from test 160327_PK_RWM
20160327-220927: Successfully gather results from test 160327_T6_RWQ
20160327-220932: Successfully gather results from test 160327_HC_RWP
20160327-222425: Found 0 pending tests.
20160327-223925: Found 0 pending tests.
20160327-225425: Found 0 pending tests.
20160327-225425: Test launched, file created in wpt.org.json/pending/20160327-225425-160327_16_T28.json
20160327-225425: Test launched, file created in wpt.org.json/pending/20160327-225425-160327_B0_T29.json
20160327-225426: Test launched, file created in wpt.org.json/pending/20160327-225426-160327_SR_T2A.json
20160327-225426: Test launched, file created in wpt.org.json/pending/20160327-225426-160327_8D_T2B.json
20160327-230925: Found 4 pending tests.
20160327-230927: Successfully gather results from test 160327_16_T28
20160327-230927: Successfully gather results from test 160327_B0_T29
20160327-230927: Successfully gather results from test 160327_SR_T2A
20160327-230932: Successfully gather results from test 160327_8D_T2B
20160327-232425: Found 0 pending tests.
20160327-233925: Found 0 pending tests.
20160327-235425: Found 0 pending tests.
20160327-235426: Test launched, file created in wpt.org.json/pending/20160327-235426-160327_42_V89.json
20160327-235426: Test launched, file created in wpt.org.json/pending/20160327-235426-160327_E4_V8A.json
20160327-235426: Test launched, file created in wpt.org.json/pending/20160327-235426-160327_6D_V8B.json
20160327-235426: Test launched, file created in wpt.org.json/pending/20160327-235426-160327_5B_V8C.json
20160328-000925: Found 4 pending tests.
20160328-000927: Successfully gather results from test 160327_42_V89
20160328-000928: Successfully gather results from test 160327_6D_V8B
20160328-000928: Successfully gather results from test 160327_E4_V8A
20160328-000933: Successfully gather results from test 160327_5B_V8C
20160328-002426: Found 0 pending tests.
20160328-003924: Found 0 pending tests.
20160328-005424: Found 0 pending tests.
20160328-005424: Test launched, file created in wpt.org.json/pending/20160328-005424-160327_NE_W62.json
20160328-005424: Test launched, file created in wpt.org.json/pending/20160328-005424-160327_FK_W63.json
20160328-005424: Test launched, file created in wpt.org.json/pending/20160328-005424-160327_R6_W64.json
20160328-005424: Test launched, file created in wpt.org.json/pending/20160328-005424-160327_8Y_W65.json
20160328-010924: Found 4 pending tests.
20160328-010925: Successfully gather results from test 160327_FK_W63
20160328-010926: Successfully gather results from test 160327_NE_W62
20160328-010926: Successfully gather results from test 160327_R6_W64
20160328-010932: Successfully gather results from test 160327_8Y_W65
20160328-012424: Found 0 pending tests.
20160328-013924: Found 0 pending tests.
20160328-015424: Found 0 pending tests.
20160328-015424: Test launched, file created in wpt.org.json/pending/20160328-015424-160327_DJ_XKB.json
20160328-015424: Test launched, file created in wpt.org.json/pending/20160328-015424-160327_3A_XKC.json
20160328-015424: Test launched, file created in wpt.org.json/pending/20160328-015424-160327_DD_XKD.json
20160328-015424: Test launched, file created in wpt.org.json/pending/20160328-015424-160327_MG_XKE.json
20160328-020924: Found 4 pending tests.
20160328-020925: Successfully gather results from test 160327_3A_XKC
20160328-020925: Successfully gather results from test 160327_DJ_XKB
20160328-020926: Successfully gather results from test 160327_DD_XKD
20160328-020930: Successfully gather results from test 160327_MG_XKE
20160328-022424: Found 0 pending tests.
20160328-023924: Found 0 pending tests.
20160328-025424: Found 0 pending tests.
20160328-025424: Test launched, file created in wpt.org.json/pending/20160328-025424-160328_YW_1H3.json
20160328-025424: Test launched, file created in wpt.org.json/pending/20160328-025424-160328_MB_1H2.json
20160328-025424: Test launched, file created in wpt.org.json/pending/20160328-025424-160328_RA_1H4.json
20160328-025424: Test launched, file created in wpt.org.json/pending/20160328-025424-160328_YG_1H5.json
20160328-030924: Found 4 pending tests.
20160328-030925: Successfully gather results from test 160328_MB_1H2
20160328-030925: Successfully gather results from test 160328_YG_1H5
20160328-030925: Successfully gather results from test 160328_YW_1H3
20160328-030932: Successfully gather results from test 160328_RA_1H4
20160328-032424: Found 0 pending tests.
20160328-033924: Found 0 pending tests.
20160328-035424: Found 0 pending tests.
20160328-035424: Test launched, file created in wpt.org.json/pending/20160328-035424-160328_H3_2Y6.json
20160328-035424: Test launched, file created in wpt.org.json/pending/20160328-035424-160328_RH_2Y7.json
20160328-035424: Test launched, file created in wpt.org.json/pending/20160328-035424-160328_6M_2Y8.json
20160328-035424: Test launched, file created in wpt.org.json/pending/20160328-035424-160328_AN_2Y9.json
20160328-040924: Found 4 pending tests.
20160328-040925: Successfully gather results from test 160328_RH_2Y7
20160328-040925: Successfully gather results from test 160328_6M_2Y8
20160328-040925: Successfully gather results from test 160328_H3_2Y6
20160328-040931: Successfully gather results from test 160328_AN_2Y9
20160328-042423: Found 0 pending tests.
20160328-043923: Found 0 pending tests.
20160328-045423: Found 0 pending tests.
20160328-045424: Test launched, file created in wpt.org.json/pending/20160328-045424-160328_CX_427.json
20160328-045424: Test launched, file created in wpt.org.json/pending/20160328-045424-160328_XE_428.json
20160328-045424: Test launched, file created in wpt.org.json/pending/20160328-045424-160328_1T_429.json
20160328-045424: Test launched, file created in wpt.org.json/pending/20160328-045424-160328_KM_42A.json
20160328-050923: Found 4 pending tests.
20160328-050925: Successfully gather results from test 160328_XE_428
20160328-050925: Successfully gather results from test 160328_KM_42A
20160328-050925: Successfully gather results from test 160328_CX_427
20160328-050930: Successfully gather results from test 160328_1T_429
20160328-052423: Found 0 pending tests.
20160328-053923: Found 0 pending tests.
20160328-055423: Found 0 pending tests.
20160328-055424: Test launched, file created in wpt.org.json/pending/20160328-055424-160328_2S_5PR.json
20160328-055424: Test launched, file created in wpt.org.json/pending/20160328-055424-160328_JF_5PS.json
20160328-055424: Test launched, file created in wpt.org.json/pending/20160328-055424-160328_6X_5PT.json
20160328-055424: Test launched, file created in wpt.org.json/pending/20160328-055424-160328_JR_5PV.json
20160328-060923: Found 4 pending tests.
20160328-060925: Successfully gather results from test 160328_JR_5PV
20160328-060925: Successfully gather results from test 160328_2S_5PR
20160328-060925: Successfully gather results from test 160328_JF_5PS
20160328-060930: Successfully gather results from test 160328_6X_5PT
20160328-062423: Found 0 pending tests.
20160328-063923: Found 0 pending tests.
20160328-065423: Found 0 pending tests.
20160328-065423: Test launched, file created in wpt.org.json/pending/20160328-065423-160328_RP_7A0.json
20160328-065423: Test launched, file created in wpt.org.json/pending/20160328-065423-160328_CN_7A1.json
20160328-065424: Test launched, file created in wpt.org.json/pending/20160328-065424-160328_MQ_7A2.json
20160328-065424: Test launched, file created in wpt.org.json/pending/20160328-065424-160328_C1_7A3.json
20160328-070923: Found 4 pending tests.
20160328-070925: Successfully gather results from test 160328_CN_7A1
20160328-070925: Successfully gather results from test 160328_MQ_7A2
20160328-070925: Successfully gather results from test 160328_RP_7A0
20160328-070930: Successfully gather results from test 160328_C1_7A3
20160328-072423: Found 0 pending tests.
20160328-073923: Found 0 pending tests.
20160328-075423: Found 0 pending tests.
20160328-075423: Test launched, file created in wpt.org.json/pending/20160328-075423-160328_SK_94E.json
20160328-075423: Test launched, file created in wpt.org.json/pending/20160328-075423-160328_AW_94F.json
20160328-075423: Test launched, file created in wpt.org.json/pending/20160328-075423-160328_C8_94G.json
20160328-075423: Test launched, file created in wpt.org.json/pending/20160328-075423-160328_QK_94J.json
20160328-080923: Found 4 pending tests.
20160328-080925: Successfully gather results from test 160328_SK_94E
20160328-080925: Successfully gather results from test 160328_QK_94J
20160328-080925: Successfully gather results from test 160328_AW_94F
20160328-080930: Successfully gather results from test 160328_C8_94G
20160328-082423: Found 0 pending tests.
20160328-083923: Found 0 pending tests.
20160328-085423: Found 0 pending tests.
20160328-085423: Test launched, file created in wpt.org.json/pending/20160328-085423-160328_DQ_AN2.json
20160328-085423: Test launched, file created in wpt.org.json/pending/20160328-085423-160328_A9_AN3.json
20160328-085423: Test launched, file created in wpt.org.json/pending/20160328-085423-160328_DX_AN4.json
20160328-085423: Test launched, file created in wpt.org.json/pending/20160328-085423-160328_K6_AN5.json
20160328-090923: Found 4 pending tests.
20160328-090925: Successfully gather results from test 160328_DX_AN4
20160328-090925: Successfully gather results from test 160328_DQ_AN2
20160328-090925: Successfully gather results from test 160328_A9_AN3
20160328-090928: Successfully gather results from test 160328_K6_AN5
20160328-092423: Found 0 pending tests.
20160328-093924: Found 0 pending tests.
20160328-095424: Found 0 pending tests.
20160328-095425: Test launched, file created in wpt.org.json/pending/20160328-095425-160328_A9_C2S.json
20160328-095425: Test launched, file created in wpt.org.json/pending/20160328-095425-160328_7A_C2T.json
20160328-095425: Test launched, file created in wpt.org.json/pending/20160328-095425-160328_S7_C2V.json
20160328-095425: Test launched, file created in wpt.org.json/pending/20160328-095425-160328_D2_C2W.json
20160328-100924: Found 4 pending tests.
20160328-100925: Test 160328_D2_C2W still running (Waiting behind 3 other tests...)
20160328-100925: Test 160328_S7_C2V still running (Waiting behind 9 other tests...)
20160328-100926: Successfully gather results from test 160328_A9_C2S
20160328-100926: Successfully gather results from test 160328_7A_C2T
20160328-102424: Found 2 pending tests.
20160328-102426: Successfully gather results from test 160328_S7_C2V
20160328-102429: Successfully gather results from test 160328_D2_C2W
20160328-103925: Found 0 pending tests.
20160328-105425: Found 0 pending tests.
20160328-105425: Test launched, file created in wpt.org.json/pending/20160328-105425-160328_WC_DVJ.json
20160328-105425: Test launched, file created in wpt.org.json/pending/20160328-105425-160328_1F_DVK.json
20160328-105425: Test launched, file created in wpt.org.json/pending/20160328-105425-160328_MZ_DVM.json
20160328-105425: Test launched, file created in wpt.org.json/pending/20160328-105425-160328_1E_DVN.json
20160328-110925: Found 4 pending tests.
20160328-110925: Test 160328_1F_DVK still running (Waiting behind 6 other tests...)
20160328-110925: Test 160328_1E_DVN still running (Waiting behind 4 other tests...)
20160328-110925: Test 160328_WC_DVJ still running (Waiting behind 14 other tests...)
20160328-110925: Test 160328_MZ_DVM still running (Waiting behind 11 other tests...)
20160328-112425: Found 4 pending tests.
20160328-112426: Successfully gather results from test 160328_1F_DVK
20160328-112426: Successfully gather results from test 160328_WC_DVJ
20160328-112426: Successfully gather results from test 160328_1E_DVN
20160328-112429: Successfully gather results from test 160328_MZ_DVM
20160328-113925: Found 0 pending tests.
20160328-115425: Found 0 pending tests.
20160328-115425: Test launched, file created in wpt.org.json/pending/20160328-115425-160328_B0_FPZ.json
20160328-115425: Test launched, file created in wpt.org.json/pending/20160328-115425-160328_Y6_FQ0.json
20160328-115425: Test launched, file created in wpt.org.json/pending/20160328-115425-160328_JG_FQ1.json
20160328-115425: Test launched, file created in wpt.org.json/pending/20160328-115425-160328_YK_FQ2.json
20160328-120925: Found 4 pending tests.
20160328-120926: Successfully gather results from test 160328_Y6_FQ0
20160328-120926: Successfully gather results from test 160328_B0_FPZ
20160328-120927: Successfully gather results from test 160328_YK_FQ2
20160328-120932: Successfully gather results from test 160328_JG_FQ1
20160328-122425: Found 0 pending tests.
20160328-123925: Found 0 pending tests.
20160328-125425: Found 0 pending tests.
20160328-125425: Test launched, file created in wpt.org.json/pending/20160328-125425-160328_PJ_H87.json
20160328-125425: Test launched, file created in wpt.org.json/pending/20160328-125425-160328_Z7_H88.json
20160328-125425: Test launched, file created in wpt.org.json/pending/20160328-125425-160328_MS_H89.json
20160328-125425: Test launched, file created in wpt.org.json/pending/20160328-125425-160328_5B_H8A.json
20160328-130925: Found 4 pending tests.
20160328-130925: Test 160328_5B_H8A still running (Waiting at the front of the queue...)
20160328-130927: Successfully gather results from test 160328_Z7_H88
20160328-130927: Successfully gather results from test 160328_PJ_H87
20160328-130932: Successfully gather results from test 160328_MS_H89
20160328-132425: Found 1 pending tests.
20160328-132427: Successfully gather results from test 160328_5B_H8A
20160328-133925: Found 0 pending tests.
20160328-135425: Found 0 pending tests.
20160328-135425: Test launched, file created in wpt.org.json/pending/20160328-135425-160328_VC_JYN.json
20160328-135426: Test launched, file created in wpt.org.json/pending/20160328-135426-160328_CZ_JYP.json
20160328-135426: Test launched, file created in wpt.org.json/pending/20160328-135426-160328_Q5_JYQ.json
20160328-135426: Test launched, file created in wpt.org.json/pending/20160328-135426-160328_CM_JYR.json
20160328-140925: Found 4 pending tests.
20160328-140927: Successfully gather results from test 160328_CZ_JYP
20160328-140927: Successfully gather results from test 160328_VC_JYN
20160328-140927: Successfully gather results from test 160328_Q5_JYQ
20160328-140933: Successfully gather results from test 160328_CM_JYR
20160328-142425: Found 0 pending tests.
20160328-143925: Found 0 pending tests.
20160328-145425: Found 0 pending tests.
20160328-145426: Test launched, file created in wpt.org.json/pending/20160328-145426-160328_W3_N0S.json
20160328-145426: Test launched, file created in wpt.org.json/pending/20160328-145426-160328_2E_N0T.json
20160328-145426: Test launched, file created in wpt.org.json/pending/20160328-145426-160328_7H_N0V.json
20160328-145426: Test launched, file created in wpt.org.json/pending/20160328-145426-160328_HH_N0W.json
20160328-150926: Found 4 pending tests.
20160328-150927: Successfully gather results from test 160328_W3_N0S
20160328-150927: Successfully gather results from test 160328_HH_N0W
20160328-150927: Successfully gather results from test 160328_2E_N0T
20160328-150934: Successfully gather results from test 160328_7H_N0V
20160328-152426: Found 0 pending tests.
20160328-153926: Found 0 pending tests.
20160328-155426: Found 0 pending tests.
20160328-155426: Test launched, file created in wpt.org.json/pending/20160328-155426-160328_A9_PYH.json
20160328-155426: Test launched, file created in wpt.org.json/pending/20160328-155426-160328_1E_PYJ.json
20160328-155426: Test launched, file created in wpt.org.json/pending/20160328-155426-160328_TV_PYK.json
20160328-155426: Test launched, file created in wpt.org.json/pending/20160328-155426-160328_70_PYM.json
20160328-160926: Found 4 pending tests.
20160328-160928: Successfully gather results from test 160328_1E_PYJ
20160328-160928: Successfully gather results from test 160328_70_PYM
20160328-160928: Successfully gather results from test 160328_A9_PYH
20160328-160933: Successfully gather results from test 160328_TV_PYK
20160328-162426: Found 0 pending tests.
20160328-163926: Found 0 pending tests.
20160328-165426: Found 0 pending tests.
20160328-165426: Test launched, file created in wpt.org.json/pending/20160328-165426-160328_XK_S9E.json
20160328-165426: Test launched, file created in wpt.org.json/pending/20160328-165426-160328_H8_S9F.json
20160328-165427: Test launched, file created in wpt.org.json/pending/20160328-165427-160328_56_S9J.json
20160328-165427: Test launched, file created in wpt.org.json/pending/20160328-165427-160328_HR_S9H.json
20160328-170926: Found 4 pending tests.
20160328-170927: Successfully gather results from test 160328_H8_S9F
20160328-170928: Successfully gather results from test 160328_XK_S9E
20160328-170928: Successfully gather results from test 160328_HR_S9H
20160328-170933: Successfully gather results from test 160328_56_S9J
20160328-172426: Found 0 pending tests.
20160328-173926: Found 0 pending tests.
20160328-175426: Found 0 pending tests.
20160328-175426: Test launched, file created in wpt.org.json/pending/20160328-175426-160328_Y7_V18.json
20160328-175426: Test launched, file created in wpt.org.json/pending/20160328-175426-160328_X6_V19.json
20160328-175427: Test launched, file created in wpt.org.json/pending/20160328-175427-160328_RG_V1A.json
20160328-175427: Test launched, file created in wpt.org.json/pending/20160328-175427-160328_8Q_V1B.json
20160328-180926: Found 4 pending tests.
20160328-180927: Test 160328_RG_V1A still running (Waiting behind 6 other tests...)
20160328-180928: Successfully gather results from test 160328_X6_V19
20160328-180928: Successfully gather results from test 160328_Y7_V18
20160328-180928: Successfully gather results from test 160328_8Q_V1B
20160328-182426: Found 1 pending tests.
20160328-182433: Successfully gather results from test 160328_RG_V1A
20160328-183926: Found 0 pending tests.
20160328-185425: Found 0 pending tests.
20160328-185425: Test launched, file created in wpt.org.json/pending/20160328-185425-160328_JK_WZ5.json
20160328-185425: Test launched, file created in wpt.org.json/pending/20160328-185425-160328_QJ_WZ6.json
20160328-185425: Test launched, file created in wpt.org.json/pending/20160328-185425-160328_TN_WZ8.json
20160328-185425: Test launched, file created in wpt.org.json/pending/20160328-185425-160328_8E_WZ9.json
20160328-190925: Found 4 pending tests.
20160328-190927: Successfully gather results from test 160328_TN_WZ8
20160328-190927: Successfully gather results from test 160328_JK_WZ5
20160328-190927: Successfully gather results from test 160328_QJ_WZ6
20160328-190933: Successfully gather results from test 160328_8E_WZ9
20160328-192425: Found 0 pending tests.
20160328-193925: Found 0 pending tests.
20160328-195425: Found 0 pending tests.
20160328-195425: Test launched, file created in wpt.org.json/pending/20160328-195425-160328_Z1_Z6Y.json
20160328-195425: Test launched, file created in wpt.org.json/pending/20160328-195425-160328_TA_Z6Z.json
20160328-195425: Test launched, file created in wpt.org.json/pending/20160328-195425-160328_DP_Z72.json
20160328-195425: Test launched, file created in wpt.org.json/pending/20160328-195425-160328_ZJ_Z73.json
20160328-200925: Found 4 pending tests.
20160328-200926: Successfully gather results from test 160328_TA_Z6Z
20160328-200926: Successfully gather results from test 160328_ZJ_Z73
20160328-200927: Successfully gather results from test 160328_Z1_Z6Y
20160328-200932: Successfully gather results from test 160328_DP_Z72
20160328-202425: Found 0 pending tests.
20160328-203925: Found 0 pending tests.
20160328-205425: Found 0 pending tests.
20160328-205425: Test launched, file created in wpt.org.json/pending/20160328-205425-160328_82_13TM.json
20160328-205425: Test launched, file created in wpt.org.json/pending/20160328-205425-160328_6B_13TN.json
20160328-205425: Test launched, file created in wpt.org.json/pending/20160328-205425-160328_YH_13TP.json
20160328-205425: Test launched, file created in wpt.org.json/pending/20160328-205425-160328_RM_13TQ.json
20160328-210925: Found 4 pending tests.
20160328-210925: Test 160328_YH_13TP still running (Waiting behind 9 other tests...)
20160328-210925: Test 160328_RM_13TQ still running (Waiting behind 8 other tests...)
20160328-210925: Test 160328_82_13TM still running (Waiting behind 2 other tests...)
20160328-210925: Test 160328_6B_13TN still running (Waiting behind 1 other test...)
20160328-212425: Found 4 pending tests.
20160328-212426: Successfully gather results from test 160328_YH_13TP
20160328-212426: Successfully gather results from test 160328_82_13TM
20160328-212426: Successfully gather results from test 160328_RM_13TQ
20160328-212432: Successfully gather results from test 160328_6B_13TN
20160328-213924: Found 0 pending tests.
20160328-215424: Found 0 pending tests.
20160328-215425: Test launched, file created in wpt.org.json/pending/20160328-215425-160328_FS_1A0X.json
20160328-215425: Test launched, file created in wpt.org.json/pending/20160328-215425-160328_YE_1A0Y.json
20160328-215425: Test launched, file created in wpt.org.json/pending/20160328-215425-160328_2Q_1A0Z.json
20160328-215425: Test launched, file created in wpt.org.json/pending/20160328-215425-160328_VC_1A10.json
20160328-220924: Found 4 pending tests.
20160328-220927: Successfully gather results from test 160328_FS_1A0X
20160328-220927: Successfully gather results from test 160328_YE_1A0Y
20160328-220928: Successfully gather results from test 160328_VC_1A10
20160328-220939: Successfully gather results from test 160328_2Q_1A0Z
20160328-222424: Found 0 pending tests.
20160328-223924: Found 0 pending tests.
20160328-225424: Found 0 pending tests.
20160328-225425: Test launched, file created in wpt.org.json/pending/20160328-225425-160328_KV_1C1W.json
20160328-225425: Test launched, file created in wpt.org.json/pending/20160328-225425-160328_R2_1C1X.json
20160328-225425: Test launched, file created in wpt.org.json/pending/20160328-225425-160328_YZ_1C1Y.json
20160328-225425: Test launched, file created in wpt.org.json/pending/20160328-225425-160328_P9_1C1Z.json
20160328-230924: Found 4 pending tests.
20160328-230926: Successfully gather results from test 160328_R2_1C1X
20160328-230926: Successfully gather results from test 160328_P9_1C1Z
20160328-230926: Successfully gather results from test 160328_KV_1C1W
20160328-230933: Successfully gather results from test 160328_YZ_1C1Y
20160328-232424: Found 0 pending tests.
20160328-233924: Found 0 pending tests.
20160328-235424: Found 0 pending tests.
20160328-235424: Test launched, file created in wpt.org.json/pending/20160328-235424-160328_QZ_1G2T.json
20160328-235424: Test launched, file created in wpt.org.json/pending/20160328-235424-160328_QN_1G2V.json
20160328-235425: Test launched, file created in wpt.org.json/pending/20160328-235425-160328_NY_1G2X.json
20160328-235425: Test launched, file created in wpt.org.json/pending/20160328-235425-160328_JC_1G2Y.json
20160329-000924: Found 4 pending tests.
20160329-000926: Successfully gather results from test 160328_QZ_1G2T
20160329-000926: Successfully gather results from test 160328_JC_1G2Y
20160329-000926: Successfully gather results from test 160328_QN_1G2V
20160329-000931: Successfully gather results from test 160328_NY_1G2X
20160329-002424: Found 0 pending tests.
20160329-003924: Found 0 pending tests.
20160329-005424: Found 0 pending tests.
20160329-005424: Test launched, file created in wpt.org.json/pending/20160329-005424-160328_KH_1HND.json
20160329-005424: Test launched, file created in wpt.org.json/pending/20160329-005424-160328_MQ_1HNE.json
20160329-005424: Test launched, file created in wpt.org.json/pending/20160329-005424-160328_XJ_1HNF.json
20160329-005424: Test launched, file created in wpt.org.json/pending/20160329-005424-160328_X4_1HNG.json
20160329-010924: Found 4 pending tests.
20160329-010926: Successfully gather results from test 160328_KH_1HND
20160329-010926: Successfully gather results from test 160328_MQ_1HNE
20160329-010926: Successfully gather results from test 160328_X4_1HNG
20160329-010931: Successfully gather results from test 160328_XJ_1HNF
20160329-012424: Found 0 pending tests.
20160329-013924: Found 0 pending tests.
20160329-015424: Found 0 pending tests.
20160329-015424: Test launched, file created in wpt.org.json/pending/20160329-015424-160328_ZR_1JWQ.json
20160329-015424: Test launched, file created in wpt.org.json/pending/20160329-015424-160328_25_1JWR.json
20160329-015424: Test launched, file created in wpt.org.json/pending/20160329-015424-160328_6K_1JWS.json
20160329-015424: Test launched, file created in wpt.org.json/pending/20160329-015424-160328_JE_1JWT.json
20160329-020924: Found 4 pending tests.
20160329-020927: Successfully gather results from test 160328_ZR_1JWQ
20160329-020928: Successfully gather results from test 160328_25_1JWR
20160329-020928: Successfully gather results from test 160328_JE_1JWT
20160329-020938: Successfully gather results from test 160328_6K_1JWS
20160329-022424: Found 0 pending tests.
20160329-023924: Found 0 pending tests.
20160329-025424: Found 0 pending tests.
20160329-025424: Test launched, file created in wpt.org.json/pending/20160329-025424-160329_ZG_25D.json
20160329-025424: Test launched, file created in wpt.org.json/pending/20160329-025424-160329_FQ_25E.json
20160329-025424: Test launched, file created in wpt.org.json/pending/20160329-025424-160329_8M_25F.json
20160329-025424: Test launched, file created in wpt.org.json/pending/20160329-025424-160329_JM_25G.json
20160329-030924: Found 4 pending tests.
20160329-030926: Successfully gather results from test 160329_8M_25F
20160329-030926: Successfully gather results from test 160329_FQ_25E
20160329-030926: Successfully gather results from test 160329_ZG_25D
20160329-030931: Successfully gather results from test 160329_JM_25G
20160329-032424: Found 0 pending tests.
20160329-033924: Found 0 pending tests.
20160329-035425: Found 0 pending tests.
20160329-035425: Test launched, file created in wpt.org.json/pending/20160329-035425-160329_AG_3X2.json
20160329-035425: Test launched, file created in wpt.org.json/pending/20160329-035425-160329_ZE_3X3.json
20160329-035425: Test launched, file created in wpt.org.json/pending/20160329-035425-160329_G4_3X4.json
20160329-035425: Test launched, file created in wpt.org.json/pending/20160329-035425-160329_HW_3X5.json
20160329-040925: Found 4 pending tests.
20160329-040928: Successfully gather results from test 160329_AG_3X2
20160329-040928: Successfully gather results from test 160329_ZE_3X3
20160329-040929: Successfully gather results from test 160329_HW_3X5
20160329-040937: Successfully gather results from test 160329_G4_3X4
20160329-042425: Found 0 pending tests.
20160329-043925: Found 0 pending tests.
20160329-045425: Found 0 pending tests.
20160329-045426: Test launched, file created in wpt.org.json/pending/20160329-045426-160329_67_585.json
20160329-045426: Test launched, file created in wpt.org.json/pending/20160329-045426-160329_N1_586.json
20160329-045426: Test launched, file created in wpt.org.json/pending/20160329-045426-160329_S9_588.json
20160329-045426: Test launched, file created in wpt.org.json/pending/20160329-045426-160329_FZ_587.json
20160329-050926: Found 4 pending tests.
20160329-050927: Successfully gather results from test 160329_N1_586
20160329-050927: Successfully gather results from test 160329_67_585
20160329-050927: Successfully gather results from test 160329_S9_588
20160329-050933: Successfully gather results from test 160329_FZ_587
20160329-052426: Found 0 pending tests.
20160329-053926: Found 0 pending tests.
20160329-055426: Found 0 pending tests.
20160329-055426: Test launched, file created in wpt.org.json/pending/20160329-055426-160329_BB_6KF.json
20160329-055426: Test launched, file created in wpt.org.json/pending/20160329-055426-160329_7Q_6KG.json
20160329-055426: Test launched, file created in wpt.org.json/pending/20160329-055426-160329_BY_6KH.json
20160329-055426: Test launched, file created in wpt.org.json/pending/20160329-055426-160329_HG_6KJ.json
20160329-060926: Found 4 pending tests.
20160329-060927: Successfully gather results from test 160329_BY_6KH
20160329-060927: Successfully gather results from test 160329_7Q_6KG
20160329-060928: Successfully gather results from test 160329_BB_6KF
20160329-060933: Successfully gather results from test 160329_HG_6KJ
20160329-062426: Found 0 pending tests.
20160329-063926: Found 0 pending tests.
20160329-065426: Found 0 pending tests.
20160329-065426: Test launched, file created in wpt.org.json/pending/20160329-065426-160329_56_86A.json
20160329-065426: Test launched, file created in wpt.org.json/pending/20160329-065426-160329_YX_86B.json
20160329-065426: Test launched, file created in wpt.org.json/pending/20160329-065426-160329_FZ_86C.json
20160329-065426: Test launched, file created in wpt.org.json/pending/20160329-065426-160329_VM_86D.json
20160329-070926: Found 4 pending tests.
20160329-070928: Successfully gather results from test 160329_56_86A
20160329-070928: Successfully gather results from test 160329_FZ_86C
20160329-070928: Successfully gather results from test 160329_YX_86B
20160329-070933: Successfully gather results from test 160329_VM_86D
20160329-072426: Found 0 pending tests.
20160329-073926: Found 0 pending tests.
20160329-075426: Found 0 pending tests.
20160329-075426: Test launched, file created in wpt.org.json/pending/20160329-075426-160329_GK_A0W.json
20160329-075426: Test launched, file created in wpt.org.json/pending/20160329-075426-160329_3P_A0X.json
20160329-075427: Test launched, file created in wpt.org.json/pending/20160329-075427-160329_YG_A0Y.json
20160329-075427: Test launched, file created in wpt.org.json/pending/20160329-075427-160329_4T_A0Z.json
20160329-080926: Found 4 pending tests.
20160329-080928: Successfully gather results from test 160329_3P_A0X
20160329-080928: Successfully gather results from test 160329_GK_A0W
20160329-080928: Successfully gather results from test 160329_YG_A0Y
20160329-080934: Successfully gather results from test 160329_4T_A0Z
20160329-082426: Found 0 pending tests.
20160329-083926: Found 0 pending tests.
20160329-085426: Found 0 pending tests.
20160329-085427: Test launched, file created in wpt.org.json/pending/20160329-085427-160329_C9_BSS.json
20160329-085427: Test launched, file created in wpt.org.json/pending/20160329-085427-160329_AA_BST.json
20160329-085427: Test launched, file created in wpt.org.json/pending/20160329-085427-160329_9Q_BSV.json
20160329-085427: Test launched, file created in wpt.org.json/pending/20160329-085427-160329_1N_BSW.json
20160329-090926: Found 4 pending tests.
20160329-090928: Successfully gather results from test 160329_AA_BST
20160329-090928: Successfully gather results from test 160329_C9_BSS
20160329-090928: Successfully gather results from test 160329_1N_BSW
20160329-090932: Successfully gather results from test 160329_9Q_BSV
20160329-092427: Found 0 pending tests.
20160329-093927: Found 0 pending tests.
20160329-095427: Found 0 pending tests.
20160329-095427: Test launched, file created in wpt.org.json/pending/20160329-095427-160329_ZH_E3Z.json
20160329-095427: Test launched, file created in wpt.org.json/pending/20160329-095427-160329_SY_E41.json
20160329-095427: Test launched, file created in wpt.org.json/pending/20160329-095427-160329_99_E42.json
20160329-095427: Test launched, file created in wpt.org.json/pending/20160329-095427-160329_K8_E40.json
20160329-100927: Found 4 pending tests.
20160329-100928: Successfully gather results from test 160329_K8_E40
20160329-100928: Successfully gather results from test 160329_99_E42
20160329-100929: Successfully gather results from test 160329_ZH_E3Z
20160329-100932: Successfully gather results from test 160329_SY_E41
